[INFO] 26/09/24 16:50:19 Anon cog is ready [cogs.anonmessagecog]
[INFO] 26/09/24 16:50:19 Cat cog is ready [cogs.catcog]
[INFO] 26/09/24 16:50:19 Coup cog is ready [cogs.coupcog]
[INFO] 26/09/24 16:50:19 GamesCog cog is ready [cogs.gamescog]
[INFO] 26/09/24 16:50:19 Reactions cog is ready [cogs.reactionscog]
[INFO] 26/09/24 16:50:19 Search cog is ready [cogs.searchcog]
[INFO] 26/09/24 16:50:19 TeammateCog cog is ready [cogs.teammatecog]
[INFO] 26/09/24 16:50:19 TheBestChannelCog cog is ready [cogs.thechannelcog]
[INFO] 26/09/24 16:50:19 WeekThread cog is ready [cogs.weekthreadcog]
[INFO] 26/09/24 16:50:19 Log cog is ready [__main__]
[INFO] 26/09/24 16:50:19 Text cog is ready [__main__]
[INFO] 26/09/24 16:50:20 WeekThread date was checked [cogs.weekthreadcog]
[INFO] 26/09/24 17:04:28 Anon cog is ready [cogs.anonmessagecog]
[INFO] 26/09/24 17:04:28 Cat cog is ready [cogs.catcog]
[INFO] 26/09/24 17:04:28 Coup cog is ready [cogs.coupcog]
[INFO] 26/09/24 17:04:28 GamesCog cog is ready [cogs.gamescog]
[INFO] 26/09/24 17:04:28 Reactions cog is ready [cogs.reactionscog]
[INFO] 26/09/24 17:04:28 Search cog is ready [cogs.searchcog]
[INFO] 26/09/24 17:04:28 TeammateCog cog is ready [cogs.teammatecog]
[INFO] 26/09/24 17:04:28 TheBestChannelCog cog is ready [cogs.thechannelcog]
[INFO] 26/09/24 17:04:28 WeekThread cog is ready [cogs.weekthreadcog]
[INFO] 26/09/24 17:04:28 Log cog is ready [__main__]
[INFO] 26/09/24 17:04:28 Text cog is ready [__main__]
[INFO] 26/09/24 17:04:29 WeekThread date was checked [cogs.weekthreadcog]


[INFO] 26/09/24 17:47:44 Anon cog is ready [cogs.anonmessagecog]
[INFO] 26/09/24 17:47:44 Cat cog is ready [cogs.catcog]
[INFO] 26/09/24 17:47:44 Coup cog is ready [cogs.coupcog]
[INFO] 26/09/24 17:47:44 GamesCog cog is ready [cogs.gamescog]
[INFO] 26/09/24 17:47:44 Reactions cog is ready [cogs.reactionscog]
[INFO] 26/09/24 17:47:44 Search cog is ready [cogs.searchcog]
[INFO] 26/09/24 17:47:44 TeammateCog cog is ready [cogs.teammatecog]
[INFO] 26/09/24 17:47:44 TheBestChannelCog cog is ready [cogs.thechannelcog]
[INFO] 26/09/24 17:47:44 WeekThread cog is ready [cogs.weekthreadcog]
[INFO] 26/09/24 17:47:44 Log cog is ready [__main__]
[INFO] 26/09/24 17:47:44 Text cog is ready [__main__]
[INFO] 26/09/24 17:47:45 WeekThread date was checked [cogs.weekthreadcog]
[INFO] 26/09/24 18:12:57 Anon cog is ready [cogs.anonmessagecog]
[INFO] 26/09/24 18:12:57 Cat cog is ready [cogs.catcog]
[INFO] 26/09/24 18:12:57 Coup cog is ready [cogs.coupcog]
[INFO] 26/09/24 18:12:57 GamesCog cog is ready [cogs.gamescog]
[INFO] 26/09/24 18:12:57 Reactions cog is ready [cogs.reactionscog]
[INFO] 26/09/24 18:12:57 Search cog is ready [cogs.searchcog]
[INFO] 26/09/24 18:12:57 TeammateCog cog is ready [cogs.teammatecog]
[INFO] 26/09/24 18:12:57 TheBestChannelCog cog is ready [cogs.thechannelcog]
[INFO] 26/09/24 18:12:57 WeekThread cog is ready [cogs.weekthreadcog]
[INFO] 26/09/24 18:12:57 Log cog is ready [__main__]
[INFO] 26/09/24 18:12:57 Text cog is ready [__main__]
[INFO] 26/09/24 18:12:58 WeekThread date was checked [cogs.weekthreadcog]
[INFO] 26/09/24 18:14:25 Anon cog is ready [cogs.anonmessagecog]
[INFO] 26/09/24 18:14:25 Cat cog is ready [cogs.catcog]
[INFO] 26/09/24 18:14:25 Coup cog is ready [cogs.coupcog]
[INFO] 26/09/24 18:14:25 GamesCog cog is ready [cogs.gamescog]
[INFO] 26/09/24 18:14:25 Reactions cog is ready [cogs.reactionscog]
[INFO] 26/09/24 18:14:25 Search cog is ready [cogs.searchcog]
[INFO] 26/09/24 18:14:25 TeammateCog cog is ready [cogs.teammatecog]
[INFO] 26/09/24 18:14:25 TheBestChannelCog cog is ready [cogs.thechannelcog]
[INFO] 26/09/24 18:14:25 WeekThread cog is ready [cogs.weekthreadcog]
[INFO] 26/09/24 18:14:25 Log cog is ready [__main__]
[INFO] 26/09/24 18:14:25 Text cog is ready [__main__]
[INFO] 26/09/24 18:14:26 WeekThread date was checked [cogs.weekthreadcog]
[ERROR] 26/09/24 18:14:26 Ignoring exception in command 'd' [__init__]
[INFO] 26/09/24 18:18:10 Anon cog is ready [cogs.anonmessagecog]
[INFO] 26/09/24 18:18:10 Cat cog is ready [cogs.catcog]
[INFO] 26/09/24 18:18:10 Coup cog is ready [cogs.coupcog]
[INFO] 26/09/24 18:18:10 GamesCog cog is ready [cogs.gamescog]
[INFO] 26/09/24 18:18:10 Reactions cog is ready [cogs.reactionscog]
[INFO] 26/09/24 18:18:10 Search cog is ready [cogs.searchcog]
[INFO] 26/09/24 18:18:10 TeammateCog cog is ready [cogs.teammatecog]
[INFO] 26/09/24 18:18:10 TheBestChannelCog cog is ready [cogs.thechannelcog]
[INFO] 26/09/24 18:18:10 WeekThread cog is ready [cogs.weekthreadcog]
[INFO] 26/09/24 18:18:10 Log cog is ready [__main__]
[INFO] 26/09/24 18:18:10 Text cog is ready [__main__]
[INFO] 26/09/24 18:18:11 WeekThread date was checked [cogs.weekthreadcog]
[INFO] 26/09/24 18:20:16 Anon cog is ready [cogs.anonmessagecog]
[INFO] 26/09/24 18:20:16 Cat cog is ready [cogs.catcog]
[INFO] 26/09/24 18:20:16 Coup cog is ready [cogs.coupcog]
[INFO] 26/09/24 18:20:16 GamesCog cog is ready [cogs.gamescog]
[INFO] 26/09/24 18:20:16 Reactions cog is ready [cogs.reactionscog]
[INFO] 26/09/24 18:20:16 Search cog is ready [cogs.searchcog]
[INFO] 26/09/24 18:20:16 TeammateCog cog is ready [cogs.teammatecog]
[INFO] 26/09/24 18:20:16 TheBestChannelCog cog is ready [cogs.thechannelcog]
[INFO] 26/09/24 18:20:16 WeekThread cog is ready [cogs.weekthreadcog]
[INFO] 26/09/24 18:20:16 Log cog is ready [__main__]
[INFO] 26/09/24 18:20:16 Text cog is ready [__main__]
[INFO] 26/09/24 18:20:16 WeekThread date was checked [cogs.weekthreadcog]
[OUTPUT] 26/09/24 18:20:18 123 [__main__]
[INFO] 26/09/24 18:23:24 Anon cog is ready [cogs.anonmessagecog]
[INFO] 26/09/24 18:23:24 Cat cog is ready [cogs.catcog]
[INFO] 26/09/24 18:23:24 Coup cog is ready [cogs.coupcog]
[INFO] 26/09/24 18:23:24 GamesCog cog is ready [cogs.gamescog]
[INFO] 26/09/24 18:23:24 Reactions cog is ready [cogs.reactionscog]
[INFO] 26/09/24 18:23:24 Search cog is ready [cogs.searchcog]
[INFO] 26/09/24 18:23:24 TeammateCog cog is ready [cogs.teammatecog]
[INFO] 26/09/24 18:23:24 TheBestChannelCog cog is ready [cogs.thechannelcog]
[INFO] 26/09/24 18:23:24 WeekThread cog is ready [cogs.weekthreadcog]
[INFO] 26/09/24 18:23:24 Log cog is ready [__main__]
[INFO] 26/09/24 18:23:24 Text cog is ready [__main__]
[INFO] 26/09/24 18:23:25 WeekThread date was checked [cogs.weekthreadcog]
[OUTPUT] 26/09/24 18:23:30 Message with id 1288883642906443870 successful deleted [__main__]
[OUTPUT] 26/09/24 18:23:34 Message with id 1288882897042018390 successful deleted [__main__]
[OUTPUT] 26/09/24 18:23:37 Message with id 1288882326196977717 successful deleted [__main__]
[INFO] 26/09/24 18:24:50 Anon cog is ready [cogs.anonmessagecog]
[INFO] 26/09/24 18:24:50 Cat cog is ready [cogs.catcog]
[INFO] 26/09/24 18:24:50 Coup cog is ready [cogs.coupcog]
[INFO] 26/09/24 18:24:50 GamesCog cog is ready [cogs.gamescog]
[INFO] 26/09/24 18:24:50 Reactions cog is ready [cogs.reactionscog]
[INFO] 26/09/24 18:24:50 Search cog is ready [cogs.searchcog]
[INFO] 26/09/24 18:24:50 TeammateCog cog is ready [cogs.teammatecog]
[INFO] 26/09/24 18:24:50 TheBestChannelCog cog is ready [cogs.thechannelcog]
[INFO] 26/09/24 18:24:50 WeekThread cog is ready [cogs.weekthreadcog]
[INFO] 26/09/24 18:24:50 Log cog is ready [__main__]
[INFO] 26/09/24 18:24:50 Text cog is ready [__main__]
[INFO] 26/09/24 18:24:51 WeekThread date was checked [cogs.weekthreadcog]
[OUTPUT] 26/09/24 18:24:52 Message with id 1288883687038910475 successful deleted [__main__]
[OUTPUT] 26/09/24 18:24:55 Message with id 1288883675081211907 successful deleted [__main__]
[OUTPUT] 26/09/24 18:24:58 Message with id 1288883661562839090 successful deleted [__main__]
[INFO] 26/09/24 18:27:26 Anon cog is ready [cogs.anonmessagecog]
[INFO] 26/09/24 18:27:26 Cat cog is ready [cogs.catcog]
[INFO] 26/09/24 18:27:26 Coup cog is ready [cogs.coupcog]
[INFO] 26/09/24 18:27:26 GamesCog cog is ready [cogs.gamescog]
[INFO] 26/09/24 18:27:26 Reactions cog is ready [cogs.reactionscog]
[INFO] 26/09/24 18:27:26 Search cog is ready [cogs.searchcog]
[INFO] 26/09/24 18:27:26 TeammateCog cog is ready [cogs.teammatecog]
[INFO] 26/09/24 18:27:26 TheBestChannelCog cog is ready [cogs.thechannelcog]
[INFO] 26/09/24 18:27:26 WeekThread cog is ready [cogs.weekthreadcog]
[INFO] 26/09/24 18:27:26 Log cog is ready [__main__]
[INFO] 26/09/24 18:27:26 Text cog is ready [__main__]
[INFO] 26/09/24 18:27:27 WeekThread date was checked [cogs.weekthreadcog]
[INFO] 26/09/24 18:31:36 Anon cog is ready [cogs.anonmessagecog]
[INFO] 26/09/24 18:31:36 Cat cog is ready [cogs.catcog]
[INFO] 26/09/24 18:31:36 Coup cog is ready [cogs.coupcog]
[INFO] 26/09/24 18:31:36 GamesCog cog is ready [cogs.gamescog]
[INFO] 26/09/24 18:31:36 Reactions cog is ready [cogs.reactionscog]
[INFO] 26/09/24 18:31:36 Search cog is ready [cogs.searchcog]
[INFO] 26/09/24 18:31:36 TeammateCog cog is ready [cogs.teammatecog]
[INFO] 26/09/24 18:31:36 TheBestChannelCog cog is ready [cogs.thechannelcog]
[INFO] 26/09/24 18:31:36 WeekThread cog is ready [cogs.weekthreadcog]
[INFO] 26/09/24 18:31:36 Log cog is ready [__main__]
[INFO] 26/09/24 18:31:36 Text cog is ready [__main__]
[INFO] 26/09/24 18:31:37 WeekThread date was checked [cogs.weekthreadcog]
[INFO] 26/09/24 18:33:19 Anon cog is ready [cogs.anonmessagecog]
[INFO] 26/09/24 18:33:19 Cat cog is ready [cogs.catcog]
[INFO] 26/09/24 18:33:19 Coup cog is ready [cogs.coupcog]
[INFO] 26/09/24 18:33:19 GamesCog cog is ready [cogs.gamescog]
[INFO] 26/09/24 18:33:19 Reactions cog is ready [cogs.reactionscog]
[INFO] 26/09/24 18:33:19 Search cog is ready [cogs.searchcog]
[INFO] 26/09/24 18:33:19 TeammateCog cog is ready [cogs.teammatecog]
[INFO] 26/09/24 18:33:19 TheBestChannelCog cog is ready [cogs.thechannelcog]
[INFO] 26/09/24 18:33:19 WeekThread cog is ready [cogs.weekthreadcog]
[INFO] 26/09/24 18:33:19 Log cog is ready [__main__]
[INFO] 26/09/24 18:33:19 Text cog is ready [__main__]
[INFO] 26/09/24 18:33:19 WeekThread date was checked [cogs.weekthreadcog]
[INFO] 26/09/24 18:36:30 Anon cog is ready [cogs.anonmessagecog]
[INFO] 26/09/24 18:36:30 Cat cog is ready [cogs.catcog]
[INFO] 26/09/24 18:36:30 Coup cog is ready [cogs.coupcog]
[INFO] 26/09/24 18:36:30 GamesCog cog is ready [cogs.gamescog]
[INFO] 26/09/24 18:36:30 Reactions cog is ready [cogs.reactionscog]
[INFO] 26/09/24 18:36:30 Search cog is ready [cogs.searchcog]
[INFO] 26/09/24 18:36:30 TeammateCog cog is ready [cogs.teammatecog]
[INFO] 26/09/24 18:36:30 TheBestChannelCog cog is ready [cogs.thechannelcog]
[INFO] 26/09/24 18:36:30 WeekThread cog is ready [cogs.weekthreadcog]
[INFO] 26/09/24 18:36:30 Log cog is ready [__main__]
[INFO] 26/09/24 18:36:30 Text cog is ready [__main__]
[INFO] 26/09/24 18:36:31 WeekThread date was checked [cogs.weekthreadcog]
[ERROR] 26/09/24 18:36:44 Ignoring exception in command 'duel' [__init__]
[INFO] 26/09/24 18:37:28 Anon cog is ready [cogs.anonmessagecog]
[INFO] 26/09/24 18:37:28 Cat cog is ready [cogs.catcog]
[INFO] 26/09/24 18:37:28 Coup cog is ready [cogs.coupcog]
[INFO] 26/09/24 18:37:28 GamesCog cog is ready [cogs.gamescog]
[INFO] 26/09/24 18:37:28 Reactions cog is ready [cogs.reactionscog]
[INFO] 26/09/24 18:37:28 Search cog is ready [cogs.searchcog]
[INFO] 26/09/24 18:37:28 TeammateCog cog is ready [cogs.teammatecog]
[INFO] 26/09/24 18:37:28 TheBestChannelCog cog is ready [cogs.thechannelcog]
[INFO] 26/09/24 18:37:28 WeekThread cog is ready [cogs.weekthreadcog]
[INFO] 26/09/24 18:37:28 Log cog is ready [__main__]
[INFO] 26/09/24 18:37:28 Text cog is ready [__main__]
[INFO] 26/09/24 18:37:29 WeekThread date was checked [cogs.weekthreadcog]
[INFO] 26/09/24 18:38:56 Anon cog is ready [cogs.anonmessagecog]
[INFO] 26/09/24 18:38:56 Cat cog is ready [cogs.catcog]
[INFO] 26/09/24 18:38:56 Coup cog is ready [cogs.coupcog]
[INFO] 26/09/24 18:38:56 GamesCog cog is ready [cogs.gamescog]
[INFO] 26/09/24 18:38:56 Reactions cog is ready [cogs.reactionscog]
[INFO] 26/09/24 18:38:56 Search cog is ready [cogs.searchcog]
[INFO] 26/09/24 18:38:56 TeammateCog cog is ready [cogs.teammatecog]
[INFO] 26/09/24 18:38:56 TheBestChannelCog cog is ready [cogs.thechannelcog]
[INFO] 26/09/24 18:38:56 WeekThread cog is ready [cogs.weekthreadcog]
[INFO] 26/09/24 18:38:56 Log cog is ready [__main__]
[INFO] 26/09/24 18:38:56 Text cog is ready [__main__]
[INFO] 26/09/24 18:38:56 WeekThread date was checked [cogs.weekthreadcog]
[ERROR] 26/09/24 18:39:18 Ignoring exception in command 'duel' [__init__]
[INFO] 26/09/24 18:40:22 Anon cog is ready [cogs.anonmessagecog]
[INFO] 26/09/24 18:40:22 Cat cog is ready [cogs.catcog]
[INFO] 26/09/24 18:40:22 Coup cog is ready [cogs.coupcog]
[INFO] 26/09/24 18:40:22 GamesCog cog is ready [cogs.gamescog]
[INFO] 26/09/24 18:40:22 Reactions cog is ready [cogs.reactionscog]
[INFO] 26/09/24 18:40:22 Search cog is ready [cogs.searchcog]
[INFO] 26/09/24 18:40:22 TeammateCog cog is ready [cogs.teammatecog]
[INFO] 26/09/24 18:40:22 TheBestChannelCog cog is ready [cogs.thechannelcog]
[INFO] 26/09/24 18:40:22 WeekThread cog is ready [cogs.weekthreadcog]
[INFO] 26/09/24 18:40:22 Log cog is ready [__main__]
[INFO] 26/09/24 18:40:22 Text cog is ready [__main__]
[INFO] 26/09/24 18:40:23 WeekThread date was checked [cogs.weekthreadcog]
[ERROR] 26/09/24 18:40:26 Ignoring exception in command 'duel' [__init__]
[INFO] 26/09/24 18:44:02 Anon cog is ready [cogs.anonmessagecog]
[INFO] 26/09/24 18:44:02 Cat cog is ready [cogs.catcog]
[INFO] 26/09/24 18:44:02 Coup cog is ready [cogs.coupcog]
[INFO] 26/09/24 18:44:02 GamesCog cog is ready [cogs.gamescog]
[INFO] 26/09/24 18:44:02 Reactions cog is ready [cogs.reactionscog]
[INFO] 26/09/24 18:44:02 Search cog is ready [cogs.searchcog]
[INFO] 26/09/24 18:44:02 TeammateCog cog is ready [cogs.teammatecog]
[INFO] 26/09/24 18:44:02 TheBestChannelCog cog is ready [cogs.thechannelcog]
[INFO] 26/09/24 18:44:02 WeekThread cog is ready [cogs.weekthreadcog]
[INFO] 26/09/24 18:44:02 Log cog is ready [__main__]
[INFO] 26/09/24 18:44:02 Text cog is ready [__main__]
[INFO] 26/09/24 18:44:03 WeekThread date was checked [cogs.weekthreadcog]
[ERROR] 26/09/24 18:44:07 Ignoring exception in command 'duel' [__init__]
[INFO] 26/09/24 18:44:31 Anon cog is ready [cogs.anonmessagecog]
[INFO] 26/09/24 18:44:31 Cat cog is ready [cogs.catcog]
[INFO] 26/09/24 18:44:31 Coup cog is ready [cogs.coupcog]
[INFO] 26/09/24 18:44:31 GamesCog cog is ready [cogs.gamescog]
[INFO] 26/09/24 18:44:31 Reactions cog is ready [cogs.reactionscog]
[INFO] 26/09/24 18:44:31 Search cog is ready [cogs.searchcog]
[INFO] 26/09/24 18:44:31 TeammateCog cog is ready [cogs.teammatecog]
[INFO] 26/09/24 18:44:31 TheBestChannelCog cog is ready [cogs.thechannelcog]
[INFO] 26/09/24 18:44:31 WeekThread cog is ready [cogs.weekthreadcog]
[INFO] 26/09/24 18:44:31 Log cog is ready [__main__]
[INFO] 26/09/24 18:44:31 Text cog is ready [__main__]
[INFO] 26/09/24 18:44:32 WeekThread date was checked [cogs.weekthreadcog]
[ERROR] 26/09/24 18:44:34 Ignoring exception in command 'duel' [__init__]












[INFO] 26/09/24 18:47:16 Anon cog is ready [cogs.anonmessagecog]
[INFO] 26/09/24 18:47:16 Cat cog is ready [cogs.catcog]
[INFO] 26/09/24 18:47:16 Coup cog is ready [cogs.coupcog]
[INFO] 26/09/24 18:47:16 GamesCog cog is ready [cogs.gamescog]
[INFO] 26/09/24 18:47:16 Reactions cog is ready [cogs.reactionscog]
[INFO] 26/09/24 18:47:16 Search cog is ready [cogs.searchcog]
[INFO] 26/09/24 18:47:16 TeammateCog cog is ready [cogs.teammatecog]
[INFO] 26/09/24 18:47:16 TheBestChannelCog cog is ready [cogs.thechannelcog]
[INFO] 26/09/24 18:47:16 WeekThread cog is ready [cogs.weekthreadcog]
[INFO] 26/09/24 18:47:16 Log cog is ready [__main__]
[INFO] 26/09/24 18:47:16 Text cog is ready [__main__]
[INFO] 26/09/24 18:47:16 WeekThread date was checked [cogs.weekthreadcog]
[ERROR] 26/09/24 18:47:31 Ignoring exception in command 'duel' [__init__]




















[INFO] 26/09/24 19:26:57 Anon cog is ready [cogs.anonmessagecog]
[INFO] 26/09/24 19:26:57 Cat cog is ready [cogs.catcog]
[INFO] 26/09/24 19:26:57 Coup cog is ready [cogs.coupcog]
[INFO] 26/09/24 19:26:57 GamesCog cog is ready [cogs.gamescog]
[INFO] 26/09/24 19:26:57 Reactions cog is ready [cogs.reactionscog]
[INFO] 26/09/24 19:26:57 Search cog is ready [cogs.searchcog]
[INFO] 26/09/24 19:26:57 TeammateCog cog is ready [cogs.teammatecog]
[INFO] 26/09/24 19:26:57 TheBestChannelCog cog is ready [cogs.thechannelcog]
[INFO] 26/09/24 19:26:57 WeekThread cog is ready [cogs.weekthreadcog]
[INFO] 26/09/24 19:26:57 Log cog is ready [__main__]
[INFO] 26/09/24 19:26:57 Text cog is ready [__main__]
[INFO] 26/09/24 19:26:57 WeekThread date was checked [cogs.weekthreadcog]
[ERROR] 26/09/24 19:27:22 Ignoring exception in command 'duel' [__init__]






[INFO] 26/09/24 19:33:51 Anon cog is ready [cogs.anonmessagecog]
[INFO] 26/09/24 19:33:51 Cat cog is ready [cogs.catcog]
[INFO] 26/09/24 19:33:51 Coup cog is ready [cogs.coupcog]
[INFO] 26/09/24 19:33:51 GamesCog cog is ready [cogs.gamescog]
[INFO] 26/09/24 19:33:51 Reactions cog is ready [cogs.reactionscog]
[INFO] 26/09/24 19:33:51 Search cog is ready [cogs.searchcog]
[INFO] 26/09/24 19:33:51 TeammateCog cog is ready [cogs.teammatecog]
[INFO] 26/09/24 19:33:51 TheBestChannelCog cog is ready [cogs.thechannelcog]
[INFO] 26/09/24 19:33:51 WeekThread cog is ready [cogs.weekthreadcog]
[INFO] 26/09/24 19:33:51 Log cog is ready [__main__]
[INFO] 26/09/24 19:33:51 Text cog is ready [__main__]
[INFO] 26/09/24 19:33:52 WeekThread date was checked [cogs.weekthreadcog]
[ERROR] 26/09/24 19:34:05 Ignoring exception in command 'duel' [__init__]
[INFO] 26/09/24 19:34:32 Anon cog is ready [cogs.anonmessagecog]
[INFO] 26/09/24 19:34:32 Cat cog is ready [cogs.catcog]
[INFO] 26/09/24 19:34:32 Coup cog is ready [cogs.coupcog]
[INFO] 26/09/24 19:34:32 GamesCog cog is ready [cogs.gamescog]
[INFO] 26/09/24 19:34:32 Reactions cog is ready [cogs.reactionscog]
[INFO] 26/09/24 19:34:32 Search cog is ready [cogs.searchcog]
[INFO] 26/09/24 19:34:32 TeammateCog cog is ready [cogs.teammatecog]
[INFO] 26/09/24 19:34:32 TheBestChannelCog cog is ready [cogs.thechannelcog]
[INFO] 26/09/24 19:34:32 WeekThread cog is ready [cogs.weekthreadcog]
[INFO] 26/09/24 19:34:32 Log cog is ready [__main__]
[INFO] 26/09/24 19:34:32 Text cog is ready [__main__]
[INFO] 26/09/24 19:34:33 WeekThread date was checked [cogs.weekthreadcog]
[ERROR] 26/09/24 19:34:39 Ignoring exception in command 'duel' [__init__]


[INFO] 26/09/24 19:38:19 Anon cog is ready [cogs.anonmessagecog]
[INFO] 26/09/24 19:38:19 Cat cog is ready [cogs.catcog]
[INFO] 26/09/24 19:38:19 Coup cog is ready [cogs.coupcog]
[INFO] 26/09/24 19:38:19 GamesCog cog is ready [cogs.gamescog]
[INFO] 26/09/24 19:38:19 Reactions cog is ready [cogs.reactionscog]
[INFO] 26/09/24 19:38:19 Search cog is ready [cogs.searchcog]
[INFO] 26/09/24 19:38:19 TeammateCog cog is ready [cogs.teammatecog]
[INFO] 26/09/24 19:38:19 TheBestChannelCog cog is ready [cogs.thechannelcog]
[INFO] 26/09/24 19:38:19 WeekThread cog is ready [cogs.weekthreadcog]
[INFO] 26/09/24 19:38:19 Log cog is ready [__main__]
[INFO] 26/09/24 19:38:19 Text cog is ready [__main__]
[INFO] 26/09/24 19:38:20 WeekThread date was checked [cogs.weekthreadcog]
[INFO] 26/09/24 19:38:35 Bot status requested by utkabob[31m (Enabled) [__main__]
[SYSTEM] 26/09/24 19:38:39 [31mBot stopped [__main__]
[INFO] 26/09/24 19:38:44 Bot status requested by utkabob[31m (Disabled) [__main__]
[SYSTEM] 26/09/24 19:38:48 [31mBot killed [__main__]


[INFO] 26/09/24 19:40:23 Anon cog is ready [cogs.anonmessagecog]
[INFO] 26/09/24 19:40:23 Cat cog is ready [cogs.catcog]
[INFO] 26/09/24 19:40:23 Coup cog is ready [cogs.coupcog]
[INFO] 26/09/24 19:40:23 GamesCog cog is ready [cogs.gamescog]
[INFO] 26/09/24 19:40:23 Reactions cog is ready [cogs.reactionscog]
[INFO] 26/09/24 19:40:23 Search cog is ready [cogs.searchcog]
[INFO] 26/09/24 19:40:23 TeammateCog cog is ready [cogs.teammatecog]
[INFO] 26/09/24 19:40:23 TheBestChannelCog cog is ready [cogs.thechannelcog]
[INFO] 26/09/24 19:40:23 WeekThread cog is ready [cogs.weekthreadcog]
[INFO] 26/09/24 19:40:23 Log cog is ready [__main__]
[INFO] 26/09/24 19:40:23 Text cog is ready [__main__]
[INFO] 26/09/24 19:40:23 WeekThread date was checked [cogs.weekthreadcog]
[SYSTEM] 26/09/24 19:40:24 [31mBot killed [__main__]






[INFO] 26/09/24 19:44:24 Anon cog is ready [cogs.anonmessagecog]
[INFO] 26/09/24 19:44:24 Cat cog is ready [cogs.catcog]
[INFO] 26/09/24 19:44:24 Coup cog is ready [cogs.coupcog]
[INFO] 26/09/24 19:44:24 GamesCog cog is ready [cogs.gamescog]
[INFO] 26/09/24 19:44:24 Reactions cog is ready [cogs.reactionscog]
[INFO] 26/09/24 19:44:24 Search cog is ready [cogs.searchcog]
[INFO] 26/09/24 19:44:24 TeammateCog cog is ready [cogs.teammatecog]
[INFO] 26/09/24 19:44:24 TheBestChannelCog cog is ready [cogs.thechannelcog]
[INFO] 26/09/24 19:44:24 WeekThread cog is ready [cogs.weekthreadcog]
[INFO] 26/09/24 19:44:24 Log cog is ready [__main__]
[INFO] 26/09/24 19:44:24 Text cog is ready [__main__]
[INFO] 26/09/24 19:44:25 WeekThread date was checked [cogs.weekthreadcog]
[OUTPUT] 26/09/24 19:45:01 любую хуйню [__main__]
[INFO] 26/09/24 19:45:27 основной: Russian Roulette:  Russian_rouletteed [cogs.gamescog]
[ERROR] 26/09/24 19:45:27 Timeout error: 403 Forbidden (error code: 50013): Missing Permissions [cogs.gamescog]
[INFO] 26/09/24 19:45:33 основной: Russian Roulette:  Russian_rouletteed [cogs.gamescog]
[INFO] 26/09/24 19:45:37 основной: Russian Roulette:  Russian_rouletteed [cogs.gamescog]
[OUTPUT] 26/09/24 19:45:44 Я [__main__]
[INFO] 26/09/24 19:46:37 Anon cog is ready [cogs.anonmessagecog]
[INFO] 26/09/24 19:46:37 Cat cog is ready [cogs.catcog]
[INFO] 26/09/24 19:46:37 Coup cog is ready [cogs.coupcog]
[INFO] 26/09/24 19:46:37 GamesCog cog is ready [cogs.gamescog]
[INFO] 26/09/24 19:46:37 Reactions cog is ready [cogs.reactionscog]
[INFO] 26/09/24 19:46:37 Search cog is ready [cogs.searchcog]
[INFO] 26/09/24 19:46:37 TeammateCog cog is ready [cogs.teammatecog]
[INFO] 26/09/24 19:46:37 TheBestChannelCog cog is ready [cogs.thechannelcog]
[INFO] 26/09/24 19:46:37 WeekThread cog is ready [cogs.weekthreadcog]
[INFO] 26/09/24 19:46:37 Log cog is ready [__main__]
[INFO] 26/09/24 19:46:37 Text cog is ready [__main__]
[INFO] 26/09/24 19:46:37 WeekThread date was checked [cogs.weekthreadcog]
[ERROR] 26/09/24 19:46:38 Ignoring exception in command 't' [__init__]
[INFO] 26/09/24 19:47:11 Anon cog is ready [cogs.anonmessagecog]
[INFO] 26/09/24 19:47:11 Cat cog is ready [cogs.catcog]
[INFO] 26/09/24 19:47:11 Coup cog is ready [cogs.coupcog]
[INFO] 26/09/24 19:47:11 GamesCog cog is ready [cogs.gamescog]
[INFO] 26/09/24 19:47:11 Reactions cog is ready [cogs.reactionscog]
[INFO] 26/09/24 19:47:11 Search cog is ready [cogs.searchcog]
[INFO] 26/09/24 19:47:11 TeammateCog cog is ready [cogs.teammatecog]
[INFO] 26/09/24 19:47:11 TheBestChannelCog cog is ready [cogs.thechannelcog]
[INFO] 26/09/24 19:47:11 WeekThread cog is ready [cogs.weekthreadcog]
[INFO] 26/09/24 19:47:11 Log cog is ready [__main__]
[INFO] 26/09/24 19:47:11 Text cog is ready [__main__]
[INFO] 26/09/24 19:47:12 WeekThread date was checked [cogs.weekthreadcog]
[ERROR] 26/09/24 19:47:12 Ignoring exception in command 't' [__init__]
[INFO] 26/09/24 19:48:49 Anon cog is ready [cogs.anonmessagecog]
[INFO] 26/09/24 19:48:49 Cat cog is ready [cogs.catcog]
[INFO] 26/09/24 19:48:49 Coup cog is ready [cogs.coupcog]
[INFO] 26/09/24 19:48:49 GamesCog cog is ready [cogs.gamescog]
[INFO] 26/09/24 19:48:49 Reactions cog is ready [cogs.reactionscog]
[INFO] 26/09/24 19:48:49 Search cog is ready [cogs.searchcog]
[INFO] 26/09/24 19:48:49 TeammateCog cog is ready [cogs.teammatecog]
[INFO] 26/09/24 19:48:49 TheBestChannelCog cog is ready [cogs.thechannelcog]
[INFO] 26/09/24 19:48:49 WeekThread cog is ready [cogs.weekthreadcog]
[INFO] 26/09/24 19:48:49 Log cog is ready [__main__]
[INFO] 26/09/24 19:48:49 Text cog is ready [__main__]
[INFO] 26/09/24 19:48:50 WeekThread date was checked [cogs.weekthreadcog]
[OUTPUT] 26/09/24 19:48:51 123 123 123 123 12 3123 12 3123 12 312 31 [__main__]
[OUTPUT] 26/09/24 19:50:49 123 12 [__main__]
[INFO] 26/09/24 19:50:49 Anon cog is ready [cogs.anonmessagecog]
[INFO] 26/09/24 19:50:49 Cat cog is ready [cogs.catcog]
[INFO] 26/09/24 19:50:49 Coup cog is ready [cogs.coupcog]
[INFO] 26/09/24 19:50:49 GamesCog cog is ready [cogs.gamescog]
[INFO] 26/09/24 19:50:49 Reactions cog is ready [cogs.reactionscog]
[INFO] 26/09/24 19:50:49 Search cog is ready [cogs.searchcog]
[INFO] 26/09/24 19:50:49 TeammateCog cog is ready [cogs.teammatecog]
[INFO] 26/09/24 19:50:49 TheBestChannelCog cog is ready [cogs.thechannelcog]
[INFO] 26/09/24 19:50:49 WeekThread cog is ready [cogs.weekthreadcog]
[INFO] 26/09/24 19:50:49 Log cog is ready [__main__]
[INFO] 26/09/24 19:50:49 Text cog is ready [__main__]
[INFO] 26/09/24 19:50:50 WeekThread date was checked [cogs.weekthreadcog]
[OUTPUT] 26/09/24 19:50:52 1 2 3 [__main__]
[ERROR] 26/09/24 19:50:56 Ignoring exception. Not-executed command '?flooad 1234 123' [__init__]
[SYSTEM] 26/09/24 19:52:03 [31mBot restarted [__main__]
[INFO] 26/09/24 19:52:09 Anon cog is ready [cogs.anonmessagecog]
[INFO] 26/09/24 19:52:09 Cat cog is ready [cogs.catcog]
[INFO] 26/09/24 19:52:09 Coup cog is ready [cogs.coupcog]
[INFO] 26/09/24 19:52:09 GamesCog cog is ready [cogs.gamescog]
[INFO] 26/09/24 19:52:09 Reactions cog is ready [cogs.reactionscog]
[INFO] 26/09/24 19:52:09 Search cog is ready [cogs.searchcog]
[INFO] 26/09/24 19:52:09 TeammateCog cog is ready [cogs.teammatecog]
[INFO] 26/09/24 19:52:09 TheBestChannelCog cog is ready [cogs.thechannelcog]
[INFO] 26/09/24 19:52:09 WeekThread cog is ready [cogs.weekthreadcog]
[INFO] 26/09/24 19:52:09 Log cog is ready [__main__]
[INFO] 26/09/24 19:52:09 Text cog is ready [__main__]
[INFO] 26/09/24 19:52:10 WeekThread date was checked [cogs.weekthreadcog]
[ERROR] 26/09/24 19:52:22 Ignoring exception in command 'pt' [__init__]
[INFO] 26/09/24 19:52:50 search_by_reactions was called [cogs.searchcog]
[ERROR] 26/09/24 19:52:56 Ignoring exception in command 'sbr' [__init__]
[INFO] 26/09/24 19:53:07 search_by_reactions was called [cogs.searchcog]
[ERROR] 26/09/24 19:53:19 Ignoring exception in command 'sbr' [__init__]
[INFO] 26/09/24 19:55:12 Anon cog is ready [cogs.anonmessagecog]
[INFO] 26/09/24 19:55:12 Cat cog is ready [cogs.catcog]
[INFO] 26/09/24 19:55:12 Coup cog is ready [cogs.coupcog]
[INFO] 26/09/24 19:55:12 GamesCog cog is ready [cogs.gamescog]
[INFO] 26/09/24 19:55:12 Reactions cog is ready [cogs.reactionscog]
[INFO] 26/09/24 19:55:12 Search cog is ready [cogs.searchcog]
[INFO] 26/09/24 19:55:12 TeammateCog cog is ready [cogs.teammatecog]
[INFO] 26/09/24 19:55:12 TheBestChannelCog cog is ready [cogs.thechannelcog]
[INFO] 26/09/24 19:55:12 WeekThread cog is ready [cogs.weekthreadcog]
[INFO] 26/09/24 19:55:12 Log cog is ready [__main__]
[INFO] 26/09/24 19:55:12 Text cog is ready [__main__]
[INFO] 26/09/24 19:55:12 WeekThread date was checked [cogs.weekthreadcog]
[INFO] 26/09/24 19:55:19 search_by_reactions was called [cogs.searchcog]
[ERROR] 26/09/24 19:55:31 Ignoring exception in command 'sbr' [__init__]
[INFO] 26/09/24 19:56:52 Anon cog is ready [cogs.anonmessagecog]
[INFO] 26/09/24 19:56:52 Cat cog is ready [cogs.catcog]
[INFO] 26/09/24 19:56:52 Coup cog is ready [cogs.coupcog]
[INFO] 26/09/24 19:56:52 GamesCog cog is ready [cogs.gamescog]
[INFO] 26/09/24 19:56:52 Reactions cog is ready [cogs.reactionscog]
[INFO] 26/09/24 19:56:52 Search cog is ready [cogs.searchcog]
[INFO] 26/09/24 19:56:52 TeammateCog cog is ready [cogs.teammatecog]
[INFO] 26/09/24 19:56:52 TheBestChannelCog cog is ready [cogs.thechannelcog]
[INFO] 26/09/24 19:56:52 WeekThread cog is ready [cogs.weekthreadcog]
[INFO] 26/09/24 19:56:52 Log cog is ready [__main__]
[INFO] 26/09/24 19:56:52 Text cog is ready [__main__]
[INFO] 26/09/24 19:56:53 WeekThread date was checked [cogs.weekthreadcog]
[INFO] 26/09/24 19:57:00 search_by_reactions was called [cogs.searchcog]




































































































































[INFO] 26/09/24 22:02:47 Anon cog is ready [cogs.anonmessagecog]
[INFO] 26/09/24 22:02:47 Cat cog is ready [cogs.catcog]
[INFO] 26/09/24 22:02:47 Coup cog is ready [cogs.coupcog]
[INFO] 26/09/24 22:02:47 GamesCog cog is ready [cogs.gamescog]
[INFO] 26/09/24 22:02:47 Reactions cog is ready [cogs.reactionscog]
[INFO] 26/09/24 22:02:47 Search cog is ready [cogs.searchcog]
[INFO] 26/09/24 22:02:47 TeammateCog cog is ready [cogs.teammatecog]
[INFO] 26/09/24 22:02:47 TheBestChannelCog cog is ready [cogs.thechannelcog]
[INFO] 26/09/24 22:02:47 WeekThread cog is ready [cogs.weekthreadcog]
[INFO] 26/09/24 22:02:47 Log cog is ready [__main__]
[INFO] 26/09/24 22:02:47 Text cog is ready [__main__]
[INFO] 26/09/24 22:02:47 WeekThread date was checked [cogs.weekthreadcog]
[ERROR] 26/09/24 22:02:53 Ignoring exception. Not-executed command '?stauts' [__init__]
[INFO] 26/09/24 22:02:55 Bot status requested by utkabob[31m (Enabled) [__main__]
[OUTPUT] 26/09/24 22:04:10 Cat image sent to utkabob [cogs.catcog]
[OUTPUT] 26/09/24 22:04:17 Cat image sent to utkabob [cogs.catcog]
[OUTPUT] 26/09/24 22:04:21 Cat image sent to utkabob [cogs.catcog]
[OUTPUT] 26/09/24 22:04:25 Cat image sent to utkabob [cogs.catcog]
[INFO] 26/09/24 22:04:42 основной: Russian Roulette:  Russian_rouletteed [cogs.gamescog]
[ERROR] 26/09/24 22:04:44 Ignoring exception in command 'duel' [__init__]
[INFO] 26/09/24 22:05:14 Message with ID 1288939439950790771 was added to admin featured messages [cogs.reactionscog]
[ERROR] 26/09/24 22:05:38 Ignoring exception in command 'atf' [__init__]




















[INFO] 26/09/24 22:30:22 Anon cog is ready [cogs.anonmessagecog]
[INFO] 26/09/24 22:30:22 Cat cog is ready [cogs.catcog]
[INFO] 26/09/24 22:30:22 Coup cog is ready [cogs.coupcog]
[INFO] 26/09/24 22:30:22 GamesCog cog is ready [cogs.gamescog]
[INFO] 26/09/24 22:30:22 Reactions cog is ready [cogs.reactionscog]
[INFO] 26/09/24 22:30:22 Search cog is ready [cogs.searchcog]
[INFO] 26/09/24 22:30:22 TeammateCog cog is ready [cogs.teammatecog]
[INFO] 26/09/24 22:30:22 TheBestChannelCog cog is ready [cogs.thechannelcog]
[INFO] 26/09/24 22:30:22 WeekThread cog is ready [cogs.weekthreadcog]
[INFO] 26/09/24 22:30:22 Log cog is ready [__main__]
[INFO] 26/09/24 22:30:22 Text cog is ready [__main__]
[INFO] 26/09/24 22:30:23 WeekThread date was checked [cogs.weekthreadcog]
[ERROR] 26/09/24 22:32:00 Ignoring exception in command 'duel' [__init__]
[INFO] 26/09/24 22:34:01 Anon cog is ready [cogs.anonmessagecog]
[INFO] 26/09/24 22:34:01 Cat cog is ready [cogs.catcog]
[INFO] 26/09/24 22:34:01 Coup cog is ready [cogs.coupcog]
[INFO] 26/09/24 22:34:01 GamesCog cog is ready [cogs.gamescog]
[INFO] 26/09/24 22:34:01 Reactions cog is ready [cogs.reactionscog]
[INFO] 26/09/24 22:34:01 Search cog is ready [cogs.searchcog]
[INFO] 26/09/24 22:34:01 TeammateCog cog is ready [cogs.teammatecog]
[INFO] 26/09/24 22:34:01 TheBestChannelCog cog is ready [cogs.thechannelcog]
[INFO] 26/09/24 22:34:01 WeekThread cog is ready [cogs.weekthreadcog]
[INFO] 26/09/24 22:34:01 Log cog is ready [__main__]
[INFO] 26/09/24 22:34:01 Text cog is ready [__main__]
[INFO] 26/09/24 22:34:01 WeekThread date was checked [cogs.weekthreadcog]
[ERROR] 26/09/24 22:34:07 Ignoring exception in command 'duel' [__init__]
[INFO] 26/09/24 22:34:26 Anon cog is ready [cogs.anonmessagecog]
[INFO] 26/09/24 22:34:26 Cat cog is ready [cogs.catcog]
[INFO] 26/09/24 22:34:26 Coup cog is ready [cogs.coupcog]
[INFO] 26/09/24 22:34:26 GamesCog cog is ready [cogs.gamescog]
[INFO] 26/09/24 22:34:26 Reactions cog is ready [cogs.reactionscog]
[INFO] 26/09/24 22:34:26 Search cog is ready [cogs.searchcog]
[INFO] 26/09/24 22:34:26 TeammateCog cog is ready [cogs.teammatecog]
[INFO] 26/09/24 22:34:26 TheBestChannelCog cog is ready [cogs.thechannelcog]
[INFO] 26/09/24 22:34:26 WeekThread cog is ready [cogs.weekthreadcog]
[INFO] 26/09/24 22:34:26 Log cog is ready [__main__]
[INFO] 26/09/24 22:34:26 Text cog is ready [__main__]
[INFO] 26/09/24 22:34:26 WeekThread date was checked [cogs.weekthreadcog]
[ERROR] 26/09/24 22:35:00 Ignoring exception in command 'duel' [__init__]
[INFO] 26/09/24 22:36:30 Anon cog is ready [cogs.anonmessagecog]
[INFO] 26/09/24 22:36:30 Cat cog is ready [cogs.catcog]
[INFO] 26/09/24 22:36:30 Coup cog is ready [cogs.coupcog]
[INFO] 26/09/24 22:36:30 GamesCog cog is ready [cogs.gamescog]
[INFO] 26/09/24 22:36:30 Reactions cog is ready [cogs.reactionscog]
[INFO] 26/09/24 22:36:30 Search cog is ready [cogs.searchcog]
[INFO] 26/09/24 22:36:30 TeammateCog cog is ready [cogs.teammatecog]
[INFO] 26/09/24 22:36:30 TheBestChannelCog cog is ready [cogs.thechannelcog]
[INFO] 26/09/24 22:36:30 WeekThread cog is ready [cogs.weekthreadcog]
[INFO] 26/09/24 22:36:31 Log cog is ready [__main__]
[INFO] 26/09/24 22:36:31 Text cog is ready [__main__]
[INFO] 26/09/24 22:36:31 WeekThread date was checked [cogs.weekthreadcog]
[ERROR] 26/09/24 22:36:44 Ignoring exception in command 'duel' [__init__]
[INFO] 26/09/24 22:39:38 Anon cog is ready [cogs.anonmessagecog]
[INFO] 26/09/24 22:39:38 Cat cog is ready [cogs.catcog]
[INFO] 26/09/24 22:39:38 Coup cog is ready [cogs.coupcog]
[INFO] 26/09/24 22:39:38 GamesCog cog is ready [cogs.gamescog]
[INFO] 26/09/24 22:39:38 Reactions cog is ready [cogs.reactionscog]
[INFO] 26/09/24 22:39:38 Search cog is ready [cogs.searchcog]
[INFO] 26/09/24 22:39:38 TeammateCog cog is ready [cogs.teammatecog]
[INFO] 26/09/24 22:39:38 TheBestChannelCog cog is ready [cogs.thechannelcog]
[INFO] 26/09/24 22:39:38 WeekThread cog is ready [cogs.weekthreadcog]
[INFO] 26/09/24 22:39:38 Log cog is ready [__main__]
[INFO] 26/09/24 22:39:38 Text cog is ready [__main__]
[INFO] 26/09/24 22:39:38 WeekThread date was checked [cogs.weekthreadcog]
[ERROR] 26/09/24 22:39:50 Ignoring exception in command 'duel' [__init__]
[ERROR] 26/09/24 22:41:24 Failed to load extension gamescog.py: Extension 'cogs.gamescog' raised an error: TypeError: FormatEmbed.__init__() got an unexpected keyword argument 'color' [__main__]
[INFO] 26/09/24 22:41:28 Anon cog is ready [cogs.anonmessagecog]
[INFO] 26/09/24 22:41:28 Cat cog is ready [cogs.catcog]
[INFO] 26/09/24 22:41:28 Coup cog is ready [cogs.coupcog]
[INFO] 26/09/24 22:41:28 Reactions cog is ready [cogs.reactionscog]
[INFO] 26/09/24 22:41:28 Search cog is ready [cogs.searchcog]
[INFO] 26/09/24 22:41:28 TeammateCog cog is ready [cogs.teammatecog]
[INFO] 26/09/24 22:41:28 TheBestChannelCog cog is ready [cogs.thechannelcog]
[INFO] 26/09/24 22:41:28 WeekThread cog is ready [cogs.weekthreadcog]
[INFO] 26/09/24 22:41:28 Log cog is ready [__main__]
[INFO] 26/09/24 22:41:28 Text cog is ready [__main__]
[INFO] 26/09/24 22:41:28 WeekThread date was checked [cogs.weekthreadcog]
[ERROR] 26/09/24 22:41:45 Failed to load extension gamescog.py: Extension 'cogs.gamescog' raised an error: TypeError: FormatEmbed.__init__() got an unexpected keyword argument 'color' [__main__]
[INFO] 26/09/24 22:41:49 Anon cog is ready [cogs.anonmessagecog]
[INFO] 26/09/24 22:41:49 Cat cog is ready [cogs.catcog]
[INFO] 26/09/24 22:41:49 Coup cog is ready [cogs.coupcog]
[INFO] 26/09/24 22:41:49 Reactions cog is ready [cogs.reactionscog]
[INFO] 26/09/24 22:41:49 Search cog is ready [cogs.searchcog]
[INFO] 26/09/24 22:41:49 TeammateCog cog is ready [cogs.teammatecog]
[INFO] 26/09/24 22:41:49 TheBestChannelCog cog is ready [cogs.thechannelcog]
[INFO] 26/09/24 22:41:49 WeekThread cog is ready [cogs.weekthreadcog]
[INFO] 26/09/24 22:41:49 Log cog is ready [__main__]
[INFO] 26/09/24 22:41:49 Text cog is ready [__main__]
[INFO] 26/09/24 22:41:49 WeekThread date was checked [cogs.weekthreadcog]
[INFO] 26/09/24 22:42:52 Anon cog is ready [cogs.anonmessagecog]
[INFO] 26/09/24 22:42:52 Cat cog is ready [cogs.catcog]
[INFO] 26/09/24 22:42:52 Coup cog is ready [cogs.coupcog]
[INFO] 26/09/24 22:42:52 GamesCog cog is ready [cogs.gamescog]
[INFO] 26/09/24 22:42:52 Reactions cog is ready [cogs.reactionscog]
[INFO] 26/09/24 22:42:52 Search cog is ready [cogs.searchcog]
[INFO] 26/09/24 22:42:52 TeammateCog cog is ready [cogs.teammatecog]
[INFO] 26/09/24 22:42:52 TheBestChannelCog cog is ready [cogs.thechannelcog]
[INFO] 26/09/24 22:42:52 WeekThread cog is ready [cogs.weekthreadcog]
[INFO] 26/09/24 22:42:52 Log cog is ready [__main__]
[INFO] 26/09/24 22:42:52 Text cog is ready [__main__]
[INFO] 26/09/24 22:42:52 WeekThread date was checked [cogs.weekthreadcog]
[ERROR] 26/09/24 22:42:57 Ignoring exception in command 'duel' [__init__]
[INFO] 26/09/24 23:04:03 Anon cog is ready [cogs.anonmessagecog]
[INFO] 26/09/24 23:04:03 Cat cog is ready [cogs.catcog]
[INFO] 26/09/24 23:04:03 Coup cog is ready [cogs.coupcog]
[INFO] 26/09/24 23:04:03 GamesCog cog is ready [cogs.gamescog]
[INFO] 26/09/24 23:04:03 Reactions cog is ready [cogs.reactionscog]
[INFO] 26/09/24 23:04:03 Search cog is ready [cogs.searchcog]
[INFO] 26/09/24 23:04:03 TeammateCog cog is ready [cogs.teammatecog]
[INFO] 26/09/24 23:04:03 TheBestChannelCog cog is ready [cogs.thechannelcog]
[INFO] 26/09/24 23:04:03 WeekThread cog is ready [cogs.weekthreadcog]
[INFO] 26/09/24 23:04:03 Log cog is ready [__main__]
[INFO] 26/09/24 23:04:03 Text cog is ready [__main__]
[INFO] 26/09/24 23:04:04 WeekThread date was checked [cogs.weekthreadcog]
[ERROR] 26/09/24 23:04:22 Ignoring exception in command 'duel' [__init__]
[INFO] 26/09/24 23:06:24 Anon cog is ready [cogs.anonmessagecog]
[INFO] 26/09/24 23:06:24 Cat cog is ready [cogs.catcog]
[INFO] 26/09/24 23:06:24 Coup cog is ready [cogs.coupcog]
[INFO] 26/09/24 23:06:24 GamesCog cog is ready [cogs.gamescog]
[INFO] 26/09/24 23:06:24 Reactions cog is ready [cogs.reactionscog]
[INFO] 26/09/24 23:06:24 Search cog is ready [cogs.searchcog]
[INFO] 26/09/24 23:06:24 TeammateCog cog is ready [cogs.teammatecog]
[INFO] 26/09/24 23:06:24 TheBestChannelCog cog is ready [cogs.thechannelcog]
[INFO] 26/09/24 23:06:24 WeekThread cog is ready [cogs.weekthreadcog]
[INFO] 26/09/24 23:06:24 Log cog is ready [__main__]
[INFO] 26/09/24 23:06:24 Text cog is ready [__main__]
[INFO] 26/09/24 23:06:25 WeekThread date was checked [cogs.weekthreadcog]
[ERROR] 26/09/24 23:06:28 Ignoring exception in command 'duel' [__init__]
[INFO] 26/09/24 23:07:10 Anon cog is ready [cogs.anonmessagecog]
[INFO] 26/09/24 23:07:10 Cat cog is ready [cogs.catcog]
[INFO] 26/09/24 23:07:10 Coup cog is ready [cogs.coupcog]
[INFO] 26/09/24 23:07:10 GamesCog cog is ready [cogs.gamescog]
[INFO] 26/09/24 23:07:10 Reactions cog is ready [cogs.reactionscog]
[INFO] 26/09/24 23:07:10 Search cog is ready [cogs.searchcog]
[INFO] 26/09/24 23:07:10 TeammateCog cog is ready [cogs.teammatecog]
[INFO] 26/09/24 23:07:10 TheBestChannelCog cog is ready [cogs.thechannelcog]
[INFO] 26/09/24 23:07:10 WeekThread cog is ready [cogs.weekthreadcog]
[INFO] 26/09/24 23:07:10 Log cog is ready [__main__]
[INFO] 26/09/24 23:07:10 Text cog is ready [__main__]
[INFO] 26/09/24 23:07:11 WeekThread date was checked [cogs.weekthreadcog]
[ERROR] 26/09/24 23:07:13 Ignoring exception in command 'duel' [__init__]
[INFO] 26/09/24 23:08:14 Anon cog is ready [cogs.anonmessagecog]
[INFO] 26/09/24 23:08:14 Cat cog is ready [cogs.catcog]
[INFO] 26/09/24 23:08:14 Coup cog is ready [cogs.coupcog]
[INFO] 26/09/24 23:08:14 GamesCog cog is ready [cogs.gamescog]
[INFO] 26/09/24 23:08:14 Reactions cog is ready [cogs.reactionscog]
[INFO] 26/09/24 23:08:14 Search cog is ready [cogs.searchcog]
[INFO] 26/09/24 23:08:14 TeammateCog cog is ready [cogs.teammatecog]
[INFO] 26/09/24 23:08:14 TheBestChannelCog cog is ready [cogs.thechannelcog]
[INFO] 26/09/24 23:08:14 WeekThread cog is ready [cogs.weekthreadcog]
[INFO] 26/09/24 23:08:14 Log cog is ready [__main__]
[INFO] 26/09/24 23:08:14 Text cog is ready [__main__]
[INFO] 26/09/24 23:08:15 WeekThread date was checked [cogs.weekthreadcog]
[ERROR] 26/09/24 23:08:17 Ignoring exception in command 'duel' [__init__]
[ERROR] 26/09/24 23:09:19 Failed to load extension gamescog.py: Extension 'cogs.gamescog' raised an error: SyntaxError: positional argument follows keyword argument unpacking (gamescog.py, line 255) [__main__]
[ERROR] 26/09/24 23:09:21 Ignoring exception. Not-executed command '?duel <@518516627629801494>' [__init__]
[INFO] 26/09/24 23:09:22 Anon cog is ready [cogs.anonmessagecog]
[INFO] 26/09/24 23:09:22 Cat cog is ready [cogs.catcog]
[INFO] 26/09/24 23:09:22 Coup cog is ready [cogs.coupcog]
[INFO] 26/09/24 23:09:22 Reactions cog is ready [cogs.reactionscog]
[INFO] 26/09/24 23:09:22 Search cog is ready [cogs.searchcog]
[INFO] 26/09/24 23:09:22 TeammateCog cog is ready [cogs.teammatecog]
[INFO] 26/09/24 23:09:22 TheBestChannelCog cog is ready [cogs.thechannelcog]
[INFO] 26/09/24 23:09:22 WeekThread cog is ready [cogs.weekthreadcog]
[INFO] 26/09/24 23:09:22 Log cog is ready [__main__]
[INFO] 26/09/24 23:09:22 Text cog is ready [__main__]
[INFO] 26/09/24 23:09:23 WeekThread date was checked [cogs.weekthreadcog]
[ERROR] 26/09/24 23:09:24 Ignoring exception. Not-executed command '?duel <@518516627629801494>' [__init__]
[ERROR] 26/09/24 23:09:35 Ignoring exception. Not-executed command '?duel <@518516627629801494>' [__init__]
[INFO] 26/09/24 23:11:12 Anon cog is ready [cogs.anonmessagecog]
[INFO] 26/09/24 23:11:12 Cat cog is ready [cogs.catcog]
[INFO] 26/09/24 23:11:12 Coup cog is ready [cogs.coupcog]
[INFO] 26/09/24 23:11:12 GamesCog cog is ready [cogs.gamescog]
[INFO] 26/09/24 23:11:12 Reactions cog is ready [cogs.reactionscog]
[INFO] 26/09/24 23:11:12 Search cog is ready [cogs.searchcog]
[INFO] 26/09/24 23:11:12 TeammateCog cog is ready [cogs.teammatecog]
[INFO] 26/09/24 23:11:12 TheBestChannelCog cog is ready [cogs.thechannelcog]
[INFO] 26/09/24 23:11:12 WeekThread cog is ready [cogs.weekthreadcog]
[INFO] 26/09/24 23:11:12 Log cog is ready [__main__]
[INFO] 26/09/24 23:11:12 Text cog is ready [__main__]
[INFO] 26/09/24 23:11:12 WeekThread date was checked [cogs.weekthreadcog]
[ERROR] 26/09/24 23:11:15 Ignoring exception in command 'duel' [__init__]
[INFO] 26/09/24 23:12:53 Anon cog is ready [cogs.anonmessagecog]
[INFO] 26/09/24 23:12:53 Cat cog is ready [cogs.catcog]
[INFO] 26/09/24 23:12:53 Coup cog is ready [cogs.coupcog]
[INFO] 26/09/24 23:12:53 GamesCog cog is ready [cogs.gamescog]
[INFO] 26/09/24 23:12:53 Reactions cog is ready [cogs.reactionscog]
[INFO] 26/09/24 23:12:53 Search cog is ready [cogs.searchcog]
[INFO] 26/09/24 23:12:53 TeammateCog cog is ready [cogs.teammatecog]
[INFO] 26/09/24 23:12:53 TheBestChannelCog cog is ready [cogs.thechannelcog]
[INFO] 26/09/24 23:12:53 WeekThread cog is ready [cogs.weekthreadcog]
[INFO] 26/09/24 23:12:53 Log cog is ready [__main__]
[INFO] 26/09/24 23:12:53 Text cog is ready [__main__]
[INFO] 26/09/24 23:12:54 WeekThread date was checked [cogs.weekthreadcog]
[ERROR] 26/09/24 23:12:57 Ignoring exception in command 'duel' [__init__]
[INFO] 26/09/24 23:17:31 Anon cog is ready [cogs.anonmessagecog]
[INFO] 26/09/24 23:17:31 Cat cog is ready [cogs.catcog]
[INFO] 26/09/24 23:17:31 Coup cog is ready [cogs.coupcog]
[INFO] 26/09/24 23:17:31 GamesCog cog is ready [cogs.gamescog]
[INFO] 26/09/24 23:17:31 Reactions cog is ready [cogs.reactionscog]
[INFO] 26/09/24 23:17:31 Search cog is ready [cogs.searchcog]
[INFO] 26/09/24 23:17:31 TeammateCog cog is ready [cogs.teammatecog]
[INFO] 26/09/24 23:17:31 TheBestChannelCog cog is ready [cogs.thechannelcog]
[INFO] 26/09/24 23:17:31 WeekThread cog is ready [cogs.weekthreadcog]
[INFO] 26/09/24 23:17:31 Log cog is ready [__main__]
[INFO] 26/09/24 23:17:31 Text cog is ready [__main__]
[INFO] 26/09/24 23:17:32 WeekThread date was checked [cogs.weekthreadcog]
[ERROR] 26/09/24 23:17:36 Ignoring exception in command 'duel' [__init__]
[INFO] 26/09/24 23:19:27 Anon cog is ready [cogs.anonmessagecog]
[INFO] 26/09/24 23:19:27 Cat cog is ready [cogs.catcog]
[INFO] 26/09/24 23:19:27 Coup cog is ready [cogs.coupcog]
[INFO] 26/09/24 23:19:27 GamesCog cog is ready [cogs.gamescog]
[INFO] 26/09/24 23:19:27 Reactions cog is ready [cogs.reactionscog]
[INFO] 26/09/24 23:19:27 Search cog is ready [cogs.searchcog]
[INFO] 26/09/24 23:19:27 TeammateCog cog is ready [cogs.teammatecog]
[INFO] 26/09/24 23:19:27 TheBestChannelCog cog is ready [cogs.thechannelcog]
[INFO] 26/09/24 23:19:27 WeekThread cog is ready [cogs.weekthreadcog]
[INFO] 26/09/24 23:19:27 Log cog is ready [__main__]
[INFO] 26/09/24 23:19:27 Text cog is ready [__main__]
[INFO] 26/09/24 23:19:28 WeekThread date was checked [cogs.weekthreadcog]
[ERROR] 26/09/24 23:19:31 Ignoring exception in command 'duel' [__init__]
[INFO] 26/09/24 23:20:09 Anon cog is ready [cogs.anonmessagecog]
[INFO] 26/09/24 23:20:09 Cat cog is ready [cogs.catcog]
[INFO] 26/09/24 23:20:09 Coup cog is ready [cogs.coupcog]
[INFO] 26/09/24 23:20:09 GamesCog cog is ready [cogs.gamescog]
[INFO] 26/09/24 23:20:09 Reactions cog is ready [cogs.reactionscog]
[INFO] 26/09/24 23:20:09 Search cog is ready [cogs.searchcog]
[INFO] 26/09/24 23:20:09 TeammateCog cog is ready [cogs.teammatecog]
[INFO] 26/09/24 23:20:09 TheBestChannelCog cog is ready [cogs.thechannelcog]
[INFO] 26/09/24 23:20:09 WeekThread cog is ready [cogs.weekthreadcog]
[INFO] 26/09/24 23:20:09 Log cog is ready [__main__]
[INFO] 26/09/24 23:20:09 Text cog is ready [__main__]
[INFO] 26/09/24 23:20:10 WeekThread date was checked [cogs.weekthreadcog]
[ERROR] 26/09/24 23:20:13 Ignoring exception in command 'duel' [__init__]
[INFO] 26/09/24 23:21:29 Anon cog is ready [cogs.anonmessagecog]
[INFO] 26/09/24 23:21:29 Cat cog is ready [cogs.catcog]
[INFO] 26/09/24 23:21:29 Coup cog is ready [cogs.coupcog]
[INFO] 26/09/24 23:21:29 GamesCog cog is ready [cogs.gamescog]
[INFO] 26/09/24 23:21:29 Reactions cog is ready [cogs.reactionscog]
[INFO] 26/09/24 23:21:29 Search cog is ready [cogs.searchcog]
[INFO] 26/09/24 23:21:29 TeammateCog cog is ready [cogs.teammatecog]
[INFO] 26/09/24 23:21:29 TheBestChannelCog cog is ready [cogs.thechannelcog]
[INFO] 26/09/24 23:21:29 WeekThread cog is ready [cogs.weekthreadcog]
[INFO] 26/09/24 23:21:29 Log cog is ready [__main__]
[INFO] 26/09/24 23:21:29 Text cog is ready [__main__]
[INFO] 26/09/24 23:21:30 WeekThread date was checked [cogs.weekthreadcog]
[ERROR] 26/09/24 23:21:32 Ignoring exception in command 'duel' [__init__]
[INFO] 26/09/24 23:22:26 Anon cog is ready [cogs.anonmessagecog]
[INFO] 26/09/24 23:22:26 Cat cog is ready [cogs.catcog]
[INFO] 26/09/24 23:22:26 Coup cog is ready [cogs.coupcog]
[INFO] 26/09/24 23:22:26 GamesCog cog is ready [cogs.gamescog]
[INFO] 26/09/24 23:22:26 Reactions cog is ready [cogs.reactionscog]
[INFO] 26/09/24 23:22:26 Search cog is ready [cogs.searchcog]
[INFO] 26/09/24 23:22:26 TeammateCog cog is ready [cogs.teammatecog]
[INFO] 26/09/24 23:22:26 TheBestChannelCog cog is ready [cogs.thechannelcog]
[INFO] 26/09/24 23:22:26 WeekThread cog is ready [cogs.weekthreadcog]
[INFO] 26/09/24 23:22:26 Log cog is ready [__main__]
[INFO] 26/09/24 23:22:26 Text cog is ready [__main__]
[INFO] 26/09/24 23:22:27 WeekThread date was checked [cogs.weekthreadcog]
[ERROR] 26/09/24 23:22:30 Ignoring exception in command 'duel' [__init__]
[INFO] 26/09/24 23:23:25 Anon cog is ready [cogs.anonmessagecog]
[INFO] 26/09/24 23:23:25 Cat cog is ready [cogs.catcog]
[INFO] 26/09/24 23:23:25 Coup cog is ready [cogs.coupcog]
[INFO] 26/09/24 23:23:25 GamesCog cog is ready [cogs.gamescog]
[INFO] 26/09/24 23:23:25 Reactions cog is ready [cogs.reactionscog]
[INFO] 26/09/24 23:23:25 Search cog is ready [cogs.searchcog]
[INFO] 26/09/24 23:23:25 TeammateCog cog is ready [cogs.teammatecog]
[INFO] 26/09/24 23:23:25 TheBestChannelCog cog is ready [cogs.thechannelcog]
[INFO] 26/09/24 23:23:25 WeekThread cog is ready [cogs.weekthreadcog]
[INFO] 26/09/24 23:23:25 Log cog is ready [__main__]
[INFO] 26/09/24 23:23:25 Text cog is ready [__main__]
[INFO] 26/09/24 23:23:26 WeekThread date was checked [cogs.weekthreadcog]
[ERROR] 26/09/24 23:23:31 Ignoring exception in command 'duel' [__init__]
[INFO] 26/09/24 23:24:05 Anon cog is ready [cogs.anonmessagecog]
[INFO] 26/09/24 23:24:05 Cat cog is ready [cogs.catcog]
[INFO] 26/09/24 23:24:05 Coup cog is ready [cogs.coupcog]
[INFO] 26/09/24 23:24:05 GamesCog cog is ready [cogs.gamescog]
[INFO] 26/09/24 23:24:05 Reactions cog is ready [cogs.reactionscog]
[INFO] 26/09/24 23:24:05 Search cog is ready [cogs.searchcog]
[INFO] 26/09/24 23:24:05 TeammateCog cog is ready [cogs.teammatecog]
[INFO] 26/09/24 23:24:05 TheBestChannelCog cog is ready [cogs.thechannelcog]
[INFO] 26/09/24 23:24:05 WeekThread cog is ready [cogs.weekthreadcog]
[INFO] 26/09/24 23:24:05 Log cog is ready [__main__]
[INFO] 26/09/24 23:24:05 Text cog is ready [__main__]
[INFO] 26/09/24 23:24:05 WeekThread date was checked [cogs.weekthreadcog]
[INFO] 26/09/24 23:26:58 Anon cog is ready [cogs.anonmessagecog]
[INFO] 26/09/24 23:26:58 Cat cog is ready [cogs.catcog]
[INFO] 26/09/24 23:26:58 Coup cog is ready [cogs.coupcog]
[INFO] 26/09/24 23:26:58 GamesCog cog is ready [cogs.gamescog]
[INFO] 26/09/24 23:26:58 Reactions cog is ready [cogs.reactionscog]
[INFO] 26/09/24 23:26:58 Search cog is ready [cogs.searchcog]
[INFO] 26/09/24 23:26:58 TeammateCog cog is ready [cogs.teammatecog]
[INFO] 26/09/24 23:26:58 TheBestChannelCog cog is ready [cogs.thechannelcog]
[INFO] 26/09/24 23:26:58 WeekThread cog is ready [cogs.weekthreadcog]
[INFO] 26/09/24 23:26:58 Log cog is ready [__main__]
[INFO] 26/09/24 23:26:58 Text cog is ready [__main__]
[INFO] 26/09/24 23:26:58 WeekThread date was checked [cogs.weekthreadcog]
[ERROR] 26/09/24 23:27:09 Ignoring exception in command 'duel' [__init__]
[INFO] 26/09/24 23:28:31 Anon cog is ready [cogs.anonmessagecog]
[INFO] 26/09/24 23:28:31 Cat cog is ready [cogs.catcog]
[INFO] 26/09/24 23:28:31 Coup cog is ready [cogs.coupcog]
[INFO] 26/09/24 23:28:31 GamesCog cog is ready [cogs.gamescog]
[INFO] 26/09/24 23:28:31 Reactions cog is ready [cogs.reactionscog]
[INFO] 26/09/24 23:28:31 Search cog is ready [cogs.searchcog]
[INFO] 26/09/24 23:28:31 TeammateCog cog is ready [cogs.teammatecog]
[INFO] 26/09/24 23:28:31 TheBestChannelCog cog is ready [cogs.thechannelcog]
[INFO] 26/09/24 23:28:31 WeekThread cog is ready [cogs.weekthreadcog]
[INFO] 26/09/24 23:28:31 Log cog is ready [__main__]
[INFO] 26/09/24 23:28:31 Text cog is ready [__main__]
[INFO] 26/09/24 23:28:32 WeekThread date was checked [cogs.weekthreadcog]
[INFO] 26/09/24 23:29:12 Anon cog is ready [cogs.anonmessagecog]
[INFO] 26/09/24 23:29:12 Cat cog is ready [cogs.catcog]
[INFO] 26/09/24 23:29:12 Coup cog is ready [cogs.coupcog]
[INFO] 26/09/24 23:29:12 GamesCog cog is ready [cogs.gamescog]
[INFO] 26/09/24 23:29:12 Reactions cog is ready [cogs.reactionscog]
[INFO] 26/09/24 23:29:12 Search cog is ready [cogs.searchcog]
[INFO] 26/09/24 23:29:12 TeammateCog cog is ready [cogs.teammatecog]
[INFO] 26/09/24 23:29:12 TheBestChannelCog cog is ready [cogs.thechannelcog]
[INFO] 26/09/24 23:29:12 WeekThread cog is ready [cogs.weekthreadcog]
[INFO] 26/09/24 23:29:12 Log cog is ready [__main__]
[INFO] 26/09/24 23:29:12 Text cog is ready [__main__]
[INFO] 26/09/24 23:29:12 WeekThread date was checked [cogs.weekthreadcog]
[INFO] 26/09/24 23:31:19 Anon cog is ready [cogs.anonmessagecog]
[INFO] 26/09/24 23:31:19 Cat cog is ready [cogs.catcog]
[INFO] 26/09/24 23:31:19 Coup cog is ready [cogs.coupcog]
[INFO] 26/09/24 23:31:19 GamesCog cog is ready [cogs.gamescog]
[INFO] 26/09/24 23:31:19 Reactions cog is ready [cogs.reactionscog]
[INFO] 26/09/24 23:31:19 Search cog is ready [cogs.searchcog]
[INFO] 26/09/24 23:31:19 TeammateCog cog is ready [cogs.teammatecog]
[INFO] 26/09/24 23:31:19 TheBestChannelCog cog is ready [cogs.thechannelcog]
[INFO] 26/09/24 23:31:19 WeekThread cog is ready [cogs.weekthreadcog]
[INFO] 26/09/24 23:31:19 Log cog is ready [__main__]
[INFO] 26/09/24 23:31:19 Text cog is ready [__main__]
[INFO] 26/09/24 23:31:20 WeekThread date was checked [cogs.weekthreadcog]
[INFO] 26/09/24 23:34:37 Anon cog is ready [cogs.anonmessagecog]
[INFO] 26/09/24 23:34:37 Cat cog is ready [cogs.catcog]
[INFO] 26/09/24 23:34:37 Coup cog is ready [cogs.coupcog]
[INFO] 26/09/24 23:34:37 GamesCog cog is ready [cogs.gamescog]
[INFO] 26/09/24 23:34:37 Reactions cog is ready [cogs.reactionscog]
[INFO] 26/09/24 23:34:37 Search cog is ready [cogs.searchcog]
[INFO] 26/09/24 23:34:37 TeammateCog cog is ready [cogs.teammatecog]
[INFO] 26/09/24 23:34:37 TheBestChannelCog cog is ready [cogs.thechannelcog]
[INFO] 26/09/24 23:34:37 WeekThread cog is ready [cogs.weekthreadcog]
[INFO] 26/09/24 23:34:37 Log cog is ready [__main__]
[INFO] 26/09/24 23:34:37 Text cog is ready [__main__]
[INFO] 26/09/24 23:34:38 WeekThread date was checked [cogs.weekthreadcog]
[INFO] 26/09/24 23:37:02 Anon cog is ready [cogs.anonmessagecog]
[INFO] 26/09/24 23:37:02 Cat cog is ready [cogs.catcog]
[INFO] 26/09/24 23:37:02 Coup cog is ready [cogs.coupcog]
[INFO] 26/09/24 23:37:02 GamesCog cog is ready [cogs.gamescog]
[INFO] 26/09/24 23:37:02 Reactions cog is ready [cogs.reactionscog]
[INFO] 26/09/24 23:37:02 Search cog is ready [cogs.searchcog]
[INFO] 26/09/24 23:37:02 TeammateCog cog is ready [cogs.teammatecog]
[INFO] 26/09/24 23:37:02 TheBestChannelCog cog is ready [cogs.thechannelcog]
[INFO] 26/09/24 23:37:02 WeekThread cog is ready [cogs.weekthreadcog]
[INFO] 26/09/24 23:37:02 Log cog is ready [__main__]
[INFO] 26/09/24 23:37:02 Text cog is ready [__main__]
[INFO] 26/09/24 23:37:03 WeekThread date was checked [cogs.weekthreadcog]
[ERROR] 26/09/24 23:37:16 Ignoring exception in command 'duel' [__init__]
[INFO] 26/09/24 23:39:00 Anon cog is ready [cogs.anonmessagecog]
[INFO] 26/09/24 23:39:00 Cat cog is ready [cogs.catcog]
[INFO] 26/09/24 23:39:00 Coup cog is ready [cogs.coupcog]
[INFO] 26/09/24 23:39:00 GamesCog cog is ready [cogs.gamescog]
[INFO] 26/09/24 23:39:00 Reactions cog is ready [cogs.reactionscog]
[INFO] 26/09/24 23:39:00 Search cog is ready [cogs.searchcog]
[INFO] 26/09/24 23:39:00 TeammateCog cog is ready [cogs.teammatecog]
[INFO] 26/09/24 23:39:00 TheBestChannelCog cog is ready [cogs.thechannelcog]
[INFO] 26/09/24 23:39:00 WeekThread cog is ready [cogs.weekthreadcog]
[INFO] 26/09/24 23:39:00 Log cog is ready [__main__]
[INFO] 26/09/24 23:39:00 Text cog is ready [__main__]
[INFO] 26/09/24 23:39:01 WeekThread date was checked [cogs.weekthreadcog]
[INFO] 26/09/24 23:41:53 Anon cog is ready [cogs.anonmessagecog]
[INFO] 26/09/24 23:41:53 Cat cog is ready [cogs.catcog]
[INFO] 26/09/24 23:41:53 Coup cog is ready [cogs.coupcog]
[INFO] 26/09/24 23:41:53 GamesCog cog is ready [cogs.gamescog]
[INFO] 26/09/24 23:41:53 Reactions cog is ready [cogs.reactionscog]
[INFO] 26/09/24 23:41:53 Search cog is ready [cogs.searchcog]
[INFO] 26/09/24 23:41:53 TeammateCog cog is ready [cogs.teammatecog]
[INFO] 26/09/24 23:41:53 TheBestChannelCog cog is ready [cogs.thechannelcog]
[INFO] 26/09/24 23:41:53 WeekThread cog is ready [cogs.weekthreadcog]
[INFO] 26/09/24 23:41:53 Log cog is ready [__main__]
[INFO] 26/09/24 23:41:53 Text cog is ready [__main__]
[INFO] 26/09/24 23:41:53 WeekThread date was checked [cogs.weekthreadcog]
[INFO] 26/09/24 23:42:23 Anon cog is ready [cogs.anonmessagecog]
[INFO] 26/09/24 23:42:23 Cat cog is ready [cogs.catcog]
[INFO] 26/09/24 23:42:23 Coup cog is ready [cogs.coupcog]
[INFO] 26/09/24 23:42:23 GamesCog cog is ready [cogs.gamescog]
[INFO] 26/09/24 23:42:23 Reactions cog is ready [cogs.reactionscog]
[INFO] 26/09/24 23:42:23 Search cog is ready [cogs.searchcog]
[INFO] 26/09/24 23:42:23 TeammateCog cog is ready [cogs.teammatecog]
[INFO] 26/09/24 23:42:23 TheBestChannelCog cog is ready [cogs.thechannelcog]
[INFO] 26/09/24 23:42:23 WeekThread cog is ready [cogs.weekthreadcog]
[INFO] 26/09/24 23:42:23 Log cog is ready [__main__]
[INFO] 26/09/24 23:42:23 Text cog is ready [__main__]
[INFO] 26/09/24 23:42:23 WeekThread date was checked [cogs.weekthreadcog]
[INFO] 26/09/24 23:43:44 Anon cog is ready [cogs.anonmessagecog]
[INFO] 26/09/24 23:43:44 Cat cog is ready [cogs.catcog]
[INFO] 26/09/24 23:43:44 Coup cog is ready [cogs.coupcog]
[INFO] 26/09/24 23:43:44 GamesCog cog is ready [cogs.gamescog]
[INFO] 26/09/24 23:43:44 Reactions cog is ready [cogs.reactionscog]
[INFO] 26/09/24 23:43:44 Search cog is ready [cogs.searchcog]
[INFO] 26/09/24 23:43:44 TeammateCog cog is ready [cogs.teammatecog]
[INFO] 26/09/24 23:43:44 TheBestChannelCog cog is ready [cogs.thechannelcog]
[INFO] 26/09/24 23:43:44 WeekThread cog is ready [cogs.weekthreadcog]
[INFO] 26/09/24 23:43:44 Log cog is ready [__main__]
[INFO] 26/09/24 23:43:44 Text cog is ready [__main__]
[INFO] 26/09/24 23:43:44 WeekThread date was checked [cogs.weekthreadcog]
[INFO] 26/09/24 23:45:33 Anon cog is ready [cogs.anonmessagecog]
[INFO] 26/09/24 23:45:33 Cat cog is ready [cogs.catcog]
[INFO] 26/09/24 23:45:33 Coup cog is ready [cogs.coupcog]
[INFO] 26/09/24 23:45:33 GamesCog cog is ready [cogs.gamescog]
[INFO] 26/09/24 23:45:33 Reactions cog is ready [cogs.reactionscog]
[INFO] 26/09/24 23:45:33 Search cog is ready [cogs.searchcog]
[INFO] 26/09/24 23:45:33 TeammateCog cog is ready [cogs.teammatecog]
[INFO] 26/09/24 23:45:33 TheBestChannelCog cog is ready [cogs.thechannelcog]
[INFO] 26/09/24 23:45:33 WeekThread cog is ready [cogs.weekthreadcog]
[INFO] 26/09/24 23:45:33 Log cog is ready [__main__]
[INFO] 26/09/24 23:45:33 Text cog is ready [__main__]
[INFO] 26/09/24 23:45:33 WeekThread date was checked [cogs.weekthreadcog]
[INFO] 26/09/24 23:46:16 Anon cog is ready [cogs.anonmessagecog]
[INFO] 26/09/24 23:46:16 Cat cog is ready [cogs.catcog]
[INFO] 26/09/24 23:46:16 Coup cog is ready [cogs.coupcog]
[INFO] 26/09/24 23:46:16 GamesCog cog is ready [cogs.gamescog]
[INFO] 26/09/24 23:46:16 Reactions cog is ready [cogs.reactionscog]
[INFO] 26/09/24 23:46:16 Search cog is ready [cogs.searchcog]
[INFO] 26/09/24 23:46:16 TeammateCog cog is ready [cogs.teammatecog]
[INFO] 26/09/24 23:46:16 TheBestChannelCog cog is ready [cogs.thechannelcog]
[INFO] 26/09/24 23:46:16 WeekThread cog is ready [cogs.weekthreadcog]
[INFO] 26/09/24 23:46:16 Log cog is ready [__main__]
[INFO] 26/09/24 23:46:16 Text cog is ready [__main__]
[INFO] 26/09/24 23:46:16 WeekThread date was checked [cogs.weekthreadcog]
[INFO] 26/09/24 23:46:45 Anon cog is ready [cogs.anonmessagecog]
[INFO] 26/09/24 23:46:45 Cat cog is ready [cogs.catcog]
[INFO] 26/09/24 23:46:45 Coup cog is ready [cogs.coupcog]
[INFO] 26/09/24 23:46:45 GamesCog cog is ready [cogs.gamescog]
[INFO] 26/09/24 23:46:45 Reactions cog is ready [cogs.reactionscog]
[INFO] 26/09/24 23:46:45 Search cog is ready [cogs.searchcog]
[INFO] 26/09/24 23:46:45 TeammateCog cog is ready [cogs.teammatecog]
[INFO] 26/09/24 23:46:45 TheBestChannelCog cog is ready [cogs.thechannelcog]
[INFO] 26/09/24 23:46:45 WeekThread cog is ready [cogs.weekthreadcog]
[INFO] 26/09/24 23:46:45 Log cog is ready [__main__]
[INFO] 26/09/24 23:46:45 Text cog is ready [__main__]
[INFO] 26/09/24 23:46:46 WeekThread date was checked [cogs.weekthreadcog]
[INFO] 26/09/24 23:47:50  Коворкинг: Russian Roulette:  Russian_rouletteed [cogs.gamescog]
[INFO] 26/09/24 23:48:10 search_by_reactions was called [cogs.searchcog]
[ERROR] 26/09/24 23:48:27 Ignoring exception in command 'sbr' [__init__]
[INFO] 26/09/24 23:50:16 Anon cog is ready [cogs.anonmessagecog]
[INFO] 26/09/24 23:50:16 Cat cog is ready [cogs.catcog]
[INFO] 26/09/24 23:50:16 Coup cog is ready [cogs.coupcog]
[INFO] 26/09/24 23:50:16 GamesCog cog is ready [cogs.gamescog]
[INFO] 26/09/24 23:50:16 Reactions cog is ready [cogs.reactionscog]
[INFO] 26/09/24 23:50:16 Search cog is ready [cogs.searchcog]
[INFO] 26/09/24 23:50:16 TeammateCog cog is ready [cogs.teammatecog]
[INFO] 26/09/24 23:50:16 TheBestChannelCog cog is ready [cogs.thechannelcog]
[INFO] 26/09/24 23:50:16 WeekThread cog is ready [cogs.weekthreadcog]
[INFO] 26/09/24 23:50:16 Log cog is ready [__main__]
[INFO] 26/09/24 23:50:16 Text cog is ready [__main__]
[INFO] 26/09/24 23:50:17 WeekThread date was checked [cogs.weekthreadcog]
[INFO] 26/09/24 23:50:20 search_by_reactions was called [cogs.searchcog]
[ERROR] 26/09/24 23:50:33 Ignoring exception in command 'sbr' [__init__]
[INFO] 26/09/24 23:51:18 Anon cog is ready [cogs.anonmessagecog]
[INFO] 26/09/24 23:51:18 Cat cog is ready [cogs.catcog]
[INFO] 26/09/24 23:51:18 Coup cog is ready [cogs.coupcog]
[INFO] 26/09/24 23:51:18 GamesCog cog is ready [cogs.gamescog]
[INFO] 26/09/24 23:51:18 Reactions cog is ready [cogs.reactionscog]
[INFO] 26/09/24 23:51:18 Search cog is ready [cogs.searchcog]
[INFO] 26/09/24 23:51:18 TeammateCog cog is ready [cogs.teammatecog]
[INFO] 26/09/24 23:51:18 TheBestChannelCog cog is ready [cogs.thechannelcog]
[INFO] 26/09/24 23:51:18 WeekThread cog is ready [cogs.weekthreadcog]
[INFO] 26/09/24 23:51:18 Log cog is ready [__main__]
[INFO] 26/09/24 23:51:18 Text cog is ready [__main__]
[INFO] 26/09/24 23:51:18 WeekThread date was checked [cogs.weekthreadcog]
[INFO] 26/09/24 23:51:19 search_by_reactions was called [cogs.searchcog]
[INFO] 26/09/24 23:53:18 search_by_reactions was called [cogs.searchcog]
[INFO] 26/09/24 23:54:17 Message with ID 1288966866571890760 was sent to chat featured messages [cogs.reactionscog]
[INFO] 26/09/24 23:54:17 Message with ID 1288966866571890760 was added to admin featured messages [cogs.reactionscog]
[INFO] 26/09/24 23:58:58 Anon cog is ready [cogs.anonmessagecog]
[INFO] 26/09/24 23:58:58 Cat cog is ready [cogs.catcog]
[INFO] 26/09/24 23:58:58 Coup cog is ready [cogs.coupcog]
[INFO] 26/09/24 23:58:58 GamesCog cog is ready [cogs.gamescog]
[INFO] 26/09/24 23:58:58 Reactions cog is ready [cogs.reactionscog]
[INFO] 26/09/24 23:58:58 Search cog is ready [cogs.searchcog]
[INFO] 26/09/24 23:58:58 TeammateCog cog is ready [cogs.teammatecog]
[INFO] 26/09/24 23:58:58 TheBestChannelCog cog is ready [cogs.thechannelcog]
[INFO] 26/09/24 23:58:58 WeekThread cog is ready [cogs.weekthreadcog]
[INFO] 26/09/24 23:58:58 Log cog is ready [__main__]
[INFO] 26/09/24 23:58:58 Text cog is ready [__main__]
[INFO] 26/09/24 23:58:59 WeekThread date was checked [cogs.weekthreadcog]
[ERROR] 27/09/24 00:03:07 Failed to load extension gamescog.py: Extension 'cogs.gamescog' raised an error: SyntaxError: '(' was never closed (gamescog.py, line 251) [__main__]
[INFO] 27/09/24 00:03:10 Anon cog is ready [cogs.anonmessagecog]
[INFO] 27/09/24 00:03:10 Cat cog is ready [cogs.catcog]
[INFO] 27/09/24 00:03:10 Coup cog is ready [cogs.coupcog]
[INFO] 27/09/24 00:03:10 Reactions cog is ready [cogs.reactionscog]
[INFO] 27/09/24 00:03:10 Search cog is ready [cogs.searchcog]
[INFO] 27/09/24 00:03:10 TeammateCog cog is ready [cogs.teammatecog]
[INFO] 27/09/24 00:03:10 TheBestChannelCog cog is ready [cogs.thechannelcog]
[INFO] 27/09/24 00:03:10 WeekThread cog is ready [cogs.weekthreadcog]
[INFO] 27/09/24 00:03:10 Log cog is ready [__main__]
[INFO] 27/09/24 00:03:10 Text cog is ready [__main__]
[INFO] 27/09/24 00:03:10 WeekThread date was checked [cogs.weekthreadcog]
[INFO] 27/09/24 00:03:32 Anon cog is ready [cogs.anonmessagecog]
[INFO] 27/09/24 00:03:32 Cat cog is ready [cogs.catcog]
[INFO] 27/09/24 00:03:32 Coup cog is ready [cogs.coupcog]
[INFO] 27/09/24 00:03:32 GamesCog cog is ready [cogs.gamescog]
[INFO] 27/09/24 00:03:32 Reactions cog is ready [cogs.reactionscog]
[INFO] 27/09/24 00:03:32 Search cog is ready [cogs.searchcog]
[INFO] 27/09/24 00:03:32 TeammateCog cog is ready [cogs.teammatecog]
[INFO] 27/09/24 00:03:32 TheBestChannelCog cog is ready [cogs.thechannelcog]
[INFO] 27/09/24 00:03:32 WeekThread cog is ready [cogs.weekthreadcog]
[INFO] 27/09/24 00:03:32 Log cog is ready [__main__]
[INFO] 27/09/24 00:03:32 Text cog is ready [__main__]
[INFO] 27/09/24 00:03:33 WeekThread date was checked [cogs.weekthreadcog]
[INFO] 27/09/24 01:03:33 WeekThread date was checked [cogs.weekthreadcog]
[INFO] 27/09/24 02:03:33 WeekThread date was checked [cogs.weekthreadcog]
[INFO] 27/09/24 03:03:33 WeekThread date was checked [cogs.weekthreadcog]
[INFO] 27/09/24 04:03:33 WeekThread date was checked [cogs.weekthreadcog]
[INFO] 27/09/24 05:03:33 WeekThread date was checked [cogs.weekthreadcog]
[INFO] 27/09/24 06:03:33 WeekThread date was checked [cogs.weekthreadcog]
[INFO] 27/09/24 07:03:33 WeekThread date was checked [cogs.weekthreadcog]
[INFO] 27/09/24 08:03:33 WeekThread date was checked [cogs.weekthreadcog]
[INFO] 27/09/24 09:03:33 WeekThread date was checked [cogs.weekthreadcog]
[INFO] 27/09/24 10:03:33 WeekThread date was checked [cogs.weekthreadcog]
[INFO] 27/09/24 11:03:33 WeekThread date was checked [cogs.weekthreadcog]
[WARNING] 27/09/24 11:06:18 ГДЕ МОЙ ПАГИНАТОР?( [__main__]
[WARNING] 27/09/24 11:06:30 <:I_depressing:1176964869946351646> [__main__]
[INFO] 27/09/24 12:03:33 WeekThread date was checked [cogs.weekthreadcog]


